<?xml version="1.0" encoding="UTF-8"?>
<testsuite xmlns:xsi="http://www.w3.org/2001/XMLSchema-instance" xsi:noNamespaceSchemaLocation="https://maven.apache.org/surefire/maven-surefire-plugin/xsd/surefire-test-report.xsd" name="testscenario.ScenarioJunitActivatorTest" time="2.001" tests="2" errors="1" skipped="0" failures="0">
  <properties>
[...]
</properties>
  <testcase name="#1: Adult exist" classname="/home/dzonca/IdeaProjects/Temp/caseTicket/checkCondition/target/test-classes/com/CheckAdultTest.scesim" time="1.068"/>
  <testcase name="#2: Adult not exist" classname="/home/dzonca/IdeaProjects/Temp/caseTicket/checkCondition/target/test-classes/com/CheckAdultTest.scesim" time="0.007">
    <error message="#2: Scenario &apos;Adult not exist&apos; failed(/home/dzonca/IdeaProjects/Temp/caseTicket/checkCondition/target/test-classes/com/CheckAdultTest.scesim)" type="org.drools.scenariosimulation.backend.runner.IndexedScenarioException">org.drools.scenariosimulation.backend.runner.IndexedScenarioException: #2: Scenario 'Adult not exist' failed(/home/dzonca/IdeaProjects/Temp/caseTicket/checkCondition/target/test-classes/com/CheckAdultTest.scesim)
Caused by: org.drools.scenariosimulation.backend.runner.ScenarioException: Scenario 'Adult not exist' failed
</error>
  </testcase>
</testsuite>